{"D:\\Document\\Progamming\\Dicoding\\AUTH-API\\src\\Application\\security\\PasswordHash.js": {"path":"D:\\Document\\Progamming\\Dicoding\\AUTH-API\\src\\Application\\security\\PasswordHash.js","statementMap":{"0":{"start":{"line":3,"column":8},"end":{"line":3,"column":64}},"1":{"start":{"line":7,"column":0},"end":{"line":7,"column":30}}},"fnMap":{"0":{"name":"(anonymous_0)","decl":{"start":{"line":2,"column":4},"end":{"line":2,"column":5}},"loc":{"start":{"line":2,"column":25},"end":{"line":4,"column":5}},"line":2}},"branchMap":{},"s":{"0":1,"1":2},"f":{"0":1},"b":{},"_coverageSchema":"1a1c01bbd47fc00a2c39e90264f33305004495a9","hash":"7ee01899e700f610da974865f30346fea8ded02d"}
,"D:\\Document\\Progamming\\Dicoding\\AUTH-API\\src\\Application\\use_case\\AddUserUseCase.js": {"path":"D:\\Document\\Progamming\\Dicoding\\AUTH-API\\src\\Application\\use_case\\AddUserUseCase.js","statementMap":{"0":{"start":{"line":1,"column":21},"end":{"line":1,"column":73}},"1":{"start":{"line":5,"column":8},"end":{"line":6,"column":41}},"2":{"start":{"line":10,"column":29},"end":{"line":10,"column":61}},"3":{"start":{"line":12,"column":8},"end":{"line":12,"column":82}},"4":{"start":{"line":13,"column":8},"end":{"line":13,"column":84}},"5":{"start":{"line":14,"column":8},"end":{"line":14,"column":57}},"6":{"start":{"line":18,"column":0},"end":{"line":18,"column":28}}},"fnMap":{"0":{"name":"(anonymous_0)","decl":{"start":{"line":4,"column":4},"end":{"line":4,"column":5}},"loc":{"start":{"line":4,"column":47},"end":{"line":7,"column":5}},"line":4},"1":{"name":"(anonymous_1)","decl":{"start":{"line":9,"column":4},"end":{"line":9,"column":5}},"loc":{"start":{"line":9,"column":33},"end":{"line":15,"column":5}},"line":9}},"branchMap":{},"s":{"0":1,"1":1,"2":1,"3":1,"4":1,"5":1,"6":1},"f":{"0":1,"1":1},"b":{},"_coverageSchema":"1a1c01bbd47fc00a2c39e90264f33305004495a9","hash":"c02600ebc509287dd5ebecdd8936e13c14925970"}
,"D:\\Document\\Progamming\\Dicoding\\AUTH-API\\src\\Commons\\exceptions\\AuthenticationError.js": {"path":"D:\\Document\\Progamming\\Dicoding\\AUTH-API\\src\\Commons\\exceptions\\AuthenticationError.js","statementMap":{"0":{"start":{"line":1,"column":21},"end":{"line":1,"column":45}},"1":{"start":{"line":5,"column":8},"end":{"line":5,"column":27}},"2":{"start":{"line":6,"column":8},"end":{"line":6,"column":41}},"3":{"start":{"line":10,"column":0},"end":{"line":10,"column":36}}},"fnMap":{"0":{"name":"(anonymous_0)","decl":{"start":{"line":4,"column":4},"end":{"line":4,"column":5}},"loc":{"start":{"line":4,"column":25},"end":{"line":7,"column":5}},"line":4}},"branchMap":{},"s":{"0":1,"1":1,"2":1,"3":1},"f":{"0":1},"b":{},"_coverageSchema":"1a1c01bbd47fc00a2c39e90264f33305004495a9","hash":"857c1a1dca2d930b468c69bb3bdad371e07ae52b"}
,"D:\\Document\\Progamming\\Dicoding\\AUTH-API\\src\\Commons\\exceptions\\ClientError.js": {"path":"D:\\Document\\Progamming\\Dicoding\\AUTH-API\\src\\Commons\\exceptions\\ClientError.js","statementMap":{"0":{"start":{"line":3,"column":8},"end":{"line":3,"column":22}},"1":{"start":{"line":5,"column":8},"end":{"line":7,"column":9}},"2":{"start":{"line":6,"column":12},"end":{"line":6,"column":65}},"3":{"start":{"line":9,"column":8},"end":{"line":9,"column":36}},"4":{"start":{"line":10,"column":8},"end":{"line":10,"column":33}},"5":{"start":{"line":14,"column":0},"end":{"line":14,"column":28}}},"fnMap":{"0":{"name":"(anonymous_0)","decl":{"start":{"line":2,"column":4},"end":{"line":2,"column":5}},"loc":{"start":{"line":2,"column":43},"end":{"line":11,"column":5}},"line":2}},"branchMap":{"0":{"loc":{"start":{"line":2,"column":25},"end":{"line":2,"column":41}},"type":"default-arg","locations":[{"start":{"line":2,"column":38},"end":{"line":2,"column":41}}],"line":2},"1":{"loc":{"start":{"line":5,"column":8},"end":{"line":7,"column":9}},"type":"if","locations":[{"start":{"line":5,"column":8},"end":{"line":7,"column":9}},{"start":{},"end":{}}],"line":5}},"s":{"0":5,"1":5,"2":1,"3":4,"4":4,"5":5},"f":{"0":5},"b":{"0":[3],"1":[1,4]},"_coverageSchema":"1a1c01bbd47fc00a2c39e90264f33305004495a9","hash":"f2f2b6dbb821eb1737b9cec356c5a3762e520daa"}
,"D:\\Document\\Progamming\\Dicoding\\AUTH-API\\src\\Commons\\exceptions\\InvariantError.js": {"path":"D:\\Document\\Progamming\\Dicoding\\AUTH-API\\src\\Commons\\exceptions\\InvariantError.js","statementMap":{"0":{"start":{"line":1,"column":20},"end":{"line":1,"column":44}},"1":{"start":{"line":5,"column":8},"end":{"line":5,"column":22}},"2":{"start":{"line":6,"column":8},"end":{"line":6,"column":36}},"3":{"start":{"line":10,"column":0},"end":{"line":10,"column":31}}},"fnMap":{"0":{"name":"(anonymous_0)","decl":{"start":{"line":4,"column":4},"end":{"line":4,"column":5}},"loc":{"start":{"line":4,"column":25},"end":{"line":7,"column":5}},"line":4}},"branchMap":{},"s":{"0":2,"1":2,"2":2,"3":2},"f":{"0":2},"b":{},"_coverageSchema":"1a1c01bbd47fc00a2c39e90264f33305004495a9","hash":"325b93be9de4fe9ddabdff4afc039eb2d7275e7c"}
,"D:\\Document\\Progamming\\Dicoding\\AUTH-API\\src\\Commons\\exceptions\\NotFoundError.js": {"path":"D:\\Document\\Progamming\\Dicoding\\AUTH-API\\src\\Commons\\exceptions\\NotFoundError.js","statementMap":{"0":{"start":{"line":1,"column":20},"end":{"line":1,"column":44}},"1":{"start":{"line":5,"column":8},"end":{"line":5,"column":27}},"2":{"start":{"line":6,"column":8},"end":{"line":6,"column":35}},"3":{"start":{"line":10,"column":0},"end":{"line":10,"column":30}}},"fnMap":{"0":{"name":"(anonymous_0)","decl":{"start":{"line":4,"column":4},"end":{"line":4,"column":5}},"loc":{"start":{"line":4,"column":25},"end":{"line":7,"column":5}},"line":4}},"branchMap":{},"s":{"0":1,"1":1,"2":1,"3":1},"f":{"0":1},"b":{},"_coverageSchema":"1a1c01bbd47fc00a2c39e90264f33305004495a9","hash":"e5a88d29ca3ca69bd96fcc11bd718233df8a6ace"}
,"D:\\Document\\Progamming\\Dicoding\\AUTH-API\\src\\Domains\\users\\UserRepository.js": {"path":"D:\\Document\\Progamming\\Dicoding\\AUTH-API\\src\\Domains\\users\\UserRepository.js","statementMap":{"0":{"start":{"line":3,"column":8},"end":{"line":3,"column":66}},"1":{"start":{"line":7,"column":8},"end":{"line":7,"column":66}},"2":{"start":{"line":11,"column":0},"end":{"line":11,"column":32}}},"fnMap":{"0":{"name":"(anonymous_0)","decl":{"start":{"line":2,"column":4},"end":{"line":2,"column":5}},"loc":{"start":{"line":2,"column":32},"end":{"line":4,"column":5}},"line":2},"1":{"name":"(anonymous_1)","decl":{"start":{"line":6,"column":4},"end":{"line":6,"column":5}},"loc":{"start":{"line":6,"column":44},"end":{"line":8,"column":5}},"line":6}},"branchMap":{},"s":{"0":1,"1":1,"2":3},"f":{"0":1,"1":1},"b":{},"_coverageSchema":"1a1c01bbd47fc00a2c39e90264f33305004495a9","hash":"aab6fbed7eff4dde3dacace8534017d3f7dde2b7"}
,"D:\\Document\\Progamming\\Dicoding\\AUTH-API\\src\\Domains\\users\\entities\\RegisterUser.js": {"path":"D:\\Document\\Progamming\\Dicoding\\AUTH-API\\src\\Domains\\users\\entities\\RegisterUser.js","statementMap":{"0":{"start":{"line":3,"column":8},"end":{"line":3,"column":36}},"1":{"start":{"line":5,"column":47},"end":{"line":5,"column":54}},"2":{"start":{"line":7,"column":8},"end":{"line":7,"column":32}},"3":{"start":{"line":8,"column":8},"end":{"line":8,"column":32}},"4":{"start":{"line":9,"column":8},"end":{"line":9,"column":32}},"5":{"start":{"line":13,"column":8},"end":{"line":15,"column":9}},"6":{"start":{"line":14,"column":12},"end":{"line":14,"column":72}},"7":{"start":{"line":17,"column":8},"end":{"line":19,"column":9}},"8":{"start":{"line":18,"column":12},"end":{"line":18,"column":77}},"9":{"start":{"line":21,"column":8},"end":{"line":23,"column":9}},"10":{"start":{"line":22,"column":12},"end":{"line":22,"column":64}},"11":{"start":{"line":25,"column":8},"end":{"line":27,"column":9}},"12":{"start":{"line":26,"column":12},"end":{"line":26,"column":82}},"13":{"start":{"line":31,"column":0},"end":{"line":31,"column":29}}},"fnMap":{"0":{"name":"(anonymous_0)","decl":{"start":{"line":2,"column":4},"end":{"line":2,"column":5}},"loc":{"start":{"line":2,"column":24},"end":{"line":10,"column":5}},"line":2},"1":{"name":"(anonymous_1)","decl":{"start":{"line":12,"column":4},"end":{"line":12,"column":5}},"loc":{"start":{"line":12,"column":51},"end":{"line":28,"column":5}},"line":12}},"branchMap":{"0":{"loc":{"start":{"line":13,"column":8},"end":{"line":15,"column":9}},"type":"if","locations":[{"start":{"line":13,"column":8},"end":{"line":15,"column":9}},{"start":{},"end":{}}],"line":13},"1":{"loc":{"start":{"line":13,"column":11},"end":{"line":13,"column":46}},"type":"binary-expr","locations":[{"start":{"line":13,"column":11},"end":{"line":13,"column":20}},{"start":{"line":13,"column":24},"end":{"line":13,"column":33}},{"start":{"line":13,"column":37},"end":{"line":13,"column":46}}],"line":13},"2":{"loc":{"start":{"line":17,"column":8},"end":{"line":19,"column":9}},"type":"if","locations":[{"start":{"line":17,"column":8},"end":{"line":19,"column":9}},{"start":{},"end":{}}],"line":17},"3":{"loc":{"start":{"line":17,"column":11},"end":{"line":17,"column":103}},"type":"binary-expr","locations":[{"start":{"line":17,"column":11},"end":{"line":17,"column":39}},{"start":{"line":17,"column":43},"end":{"line":17,"column":71}},{"start":{"line":17,"column":75},"end":{"line":17,"column":103}}],"line":17},"4":{"loc":{"start":{"line":21,"column":8},"end":{"line":23,"column":9}},"type":"if","locations":[{"start":{"line":21,"column":8},"end":{"line":23,"column":9}},{"start":{},"end":{}}],"line":21},"5":{"loc":{"start":{"line":25,"column":8},"end":{"line":27,"column":9}},"type":"if","locations":[{"start":{"line":25,"column":8},"end":{"line":27,"column":9}},{"start":{},"end":{}}],"line":25}},"s":{"0":9,"1":5,"2":5,"3":5,"4":5,"5":9,"6":1,"7":8,"8":1,"9":7,"10":1,"11":6,"12":1,"13":3},"f":{"0":9,"1":9},"b":{"0":[1,8],"1":[9,9,9],"2":[1,7],"3":[8,7,7],"4":[1,6],"5":[1,5]},"_coverageSchema":"1a1c01bbd47fc00a2c39e90264f33305004495a9","hash":"ba6157346e2a365da91905b786b67322d0abb194"}
,"D:\\Document\\Progamming\\Dicoding\\AUTH-API\\src\\Domains\\users\\entities\\RegisteredUser.js": {"path":"D:\\Document\\Progamming\\Dicoding\\AUTH-API\\src\\Domains\\users\\entities\\RegisteredUser.js","statementMap":{"0":{"start":{"line":3,"column":8},"end":{"line":3,"column":37}},"1":{"start":{"line":5,"column":43},"end":{"line":5,"column":50}},"2":{"start":{"line":7,"column":8},"end":{"line":7,"column":21}},"3":{"start":{"line":8,"column":8},"end":{"line":8,"column":33}},"4":{"start":{"line":9,"column":8},"end":{"line":9,"column":33}},"5":{"start":{"line":13,"column":8},"end":{"line":15,"column":9}},"6":{"start":{"line":14,"column":12},"end":{"line":14,"column":75}},"7":{"start":{"line":17,"column":8},"end":{"line":19,"column":9}},"8":{"start":{"line":18,"column":12},"end":{"line":18,"column":80}},"9":{"start":{"line":23,"column":0},"end":{"line":23,"column":32}}},"fnMap":{"0":{"name":"(anonymous_0)","decl":{"start":{"line":2,"column":4},"end":{"line":2,"column":5}},"loc":{"start":{"line":2,"column":25},"end":{"line":10,"column":5}},"line":2},"1":{"name":"(anonymous_1)","decl":{"start":{"line":12,"column":4},"end":{"line":12,"column":5}},"loc":{"start":{"line":12,"column":47},"end":{"line":20,"column":5}},"line":12}},"branchMap":{"0":{"loc":{"start":{"line":13,"column":8},"end":{"line":15,"column":9}},"type":"if","locations":[{"start":{"line":13,"column":8},"end":{"line":15,"column":9}},{"start":{},"end":{}}],"line":13},"1":{"loc":{"start":{"line":13,"column":12},"end":{"line":13,"column":41}},"type":"binary-expr","locations":[{"start":{"line":13,"column":12},"end":{"line":13,"column":15}},{"start":{"line":13,"column":19},"end":{"line":13,"column":28}},{"start":{"line":13,"column":32},"end":{"line":13,"column":41}}],"line":13},"2":{"loc":{"start":{"line":17,"column":8},"end":{"line":19,"column":9}},"type":"if","locations":[{"start":{"line":17,"column":8},"end":{"line":19,"column":9}},{"start":{},"end":{}}],"line":17},"3":{"loc":{"start":{"line":17,"column":12},"end":{"line":17,"column":98}},"type":"binary-expr","locations":[{"start":{"line":17,"column":12},"end":{"line":17,"column":34}},{"start":{"line":17,"column":38},"end":{"line":17,"column":66}},{"start":{"line":17,"column":70},"end":{"line":17,"column":98}}],"line":17}},"s":{"0":8,"1":6,"2":6,"3":6,"4":6,"5":8,"6":1,"7":7,"8":1,"9":3},"f":{"0":8,"1":8},"b":{"0":[1,7],"1":[8,7,7],"2":[1,6],"3":[7,6,6]},"_coverageSchema":"1a1c01bbd47fc00a2c39e90264f33305004495a9","hash":"3de91b7d8325cf38ad9a5f6152666fe48c348a7c"}
,"D:\\Document\\Progamming\\Dicoding\\AUTH-API\\src\\Infrastructures\\repository\\UserRepositoryPostgres.js": {"path":"D:\\Document\\Progamming\\Dicoding\\AUTH-API\\src\\Infrastructures\\repository\\UserRepositoryPostgres.js","statementMap":{"0":{"start":{"line":1,"column":23},"end":{"line":1,"column":73}},"1":{"start":{"line":2,"column":23},"end":{"line":2,"column":77}},"2":{"start":{"line":3,"column":23},"end":{"line":3,"column":68}},"3":{"start":{"line":7,"column":8},"end":{"line":7,"column":16}},"4":{"start":{"line":8,"column":8},"end":{"line":8,"column":26}},"5":{"start":{"line":9,"column":8},"end":{"line":9,"column":40}},"6":{"start":{"line":13,"column":22},"end":{"line":16,"column":9}},"7":{"start":{"line":17,"column":23},"end":{"line":17,"column":52}},"8":{"start":{"line":19,"column":8},"end":{"line":21,"column":9}},"9":{"start":{"line":20,"column":8},"end":{"line":20,"column":60}},"10":{"start":{"line":25,"column":49},"end":{"line":25,"column":61}},"11":{"start":{"line":26,"column":19},"end":{"line":26,"column":48}},"12":{"start":{"line":27,"column":22},"end":{"line":30,"column":9}},"13":{"start":{"line":31,"column":23},"end":{"line":31,"column":52}},"14":{"start":{"line":33,"column":8},"end":{"line":33,"column":57}},"15":{"start":{"line":37,"column":0},"end":{"line":37,"column":40}}},"fnMap":{"0":{"name":"(anonymous_0)","decl":{"start":{"line":6,"column":4},"end":{"line":6,"column":5}},"loc":{"start":{"line":6,"column":35},"end":{"line":10,"column":5}},"line":6},"1":{"name":"(anonymous_1)","decl":{"start":{"line":12,"column":4},"end":{"line":12,"column":5}},"loc":{"start":{"line":12,"column":44},"end":{"line":22,"column":5}},"line":12},"2":{"name":"(anonymous_2)","decl":{"start":{"line":24,"column":4},"end":{"line":24,"column":5}},"loc":{"start":{"line":24,"column":32},"end":{"line":34,"column":5}},"line":24}},"branchMap":{"0":{"loc":{"start":{"line":19,"column":8},"end":{"line":21,"column":9}},"type":"if","locations":[{"start":{"line":19,"column":8},"end":{"line":21,"column":9}},{"start":{},"end":{}}],"line":19}},"s":{"0":1,"1":1,"2":1,"3":4,"4":4,"5":4,"6":2,"7":2,"8":2,"9":1,"10":2,"11":2,"12":2,"13":2,"14":2,"15":1},"f":{"0":4,"1":2,"2":2},"b":{"0":[1,1]},"_coverageSchema":"1a1c01bbd47fc00a2c39e90264f33305004495a9","hash":"d469844578b7e546757662533ec82a677470cbc4"}
}
